[2025-12-03T07:11:02.170Z] GET /
[2025-12-03T07:11:38.505Z] GET /users
[2025-12-03T07:14:23.584Z] GET /todos
[2025-12-03T07:14:50.148Z] POST /todos
[2025-12-03T07:14:57.288Z] GET /todos
[2025-12-03T07:15:17.688Z] POST /todos
[2025-12-03T07:15:25.575Z] GET /todos
[2025-12-03T07:16:55.186Z] POST /todos/3
[2025-12-03T07:18:00.606Z] GET /todos
[2025-12-03T07:18:42.718Z] POST /todos/3
[2025-12-03T07:18:50.792Z] POST /todos/4
[2025-12-03T07:18:55.260Z] POST /todos/4
[2025-12-03T19:06:53.976Z] GET /todos
[2025-12-03T19:32:24.460Z] GET /
[2025-12-03T19:32:24.462Z] GET /
[2025-12-03T19:32:24.463Z] GET /
[2025-12-03T19:32:24.463Z] GET /
[2025-12-03T19:32:24.464Z] GET /
[2025-12-03T19:32:24.465Z] GET /
[2025-12-03T19:32:24.466Z] GET /
[2025-12-03T19:32:24.467Z] GET /
[2025-12-03T19:32:24.470Z] GET /
[2025-12-03T19:32:24.472Z] GET /
[2025-12-03T19:32:24.471Z] GET /
[2025-12-03T19:32:24.472Z] GET /
[2025-12-03T19:32:24.474Z] GET /
[2025-12-03T19:32:24.475Z] GET /
[2025-12-03T19:32:24.476Z] GET /
[2025-12-03T19:32:24.477Z] GET /
[2025-12-03T19:32:24.473Z] GET /
[2025-12-03T19:32:24.478Z] GET /
[2025-12-03T19:32:24.479Z] GET /
[2025-12-03T19:32:24.480Z] GET /
[2025-12-03T19:32:24.468Z] GET /
[2025-12-03T19:32:24.469Z] GET /
[2025-12-03T19:32:24.483Z] GET /
[2025-12-03T19:32:24.486Z] GET /
[2025-12-03T19:32:24.491Z] GET /
[2025-12-03T19:32:24.489Z] GET /
[2025-12-03T19:32:24.491Z] GET /
[2025-12-03T19:32:24.492Z] GET /
[2025-12-03T19:32:24.493Z] GET /
[2025-12-03T19:32:24.494Z] GET /
[2025-12-03T19:32:24.495Z] GET /
[2025-12-03T19:32:24.495Z] GET /
[2025-12-03T19:32:24.497Z] GET /
[2025-12-03T19:32:24.496Z] GET /
[2025-12-03T19:32:24.497Z] GET /
[2025-12-03T19:32:24.498Z] GET /
[2025-12-03T19:32:24.500Z] GET /
[2025-12-03T19:32:24.503Z] GET /
[2025-12-03T19:32:24.504Z] GET /
[2025-12-03T19:32:24.505Z] GET /
[2025-12-03T19:32:24.506Z] GET /
[2025-12-03T19:32:24.507Z] GET /
[2025-12-03T19:32:24.508Z] GET /
[2025-12-03T19:32:24.509Z] GET /
[2025-12-03T19:32:24.510Z] GET /
[2025-12-03T19:32:24.511Z] GET /
[2025-12-03T19:32:24.512Z] GET /
[2025-12-03T19:32:24.515Z] GET /
[2025-12-03T19:32:24.514Z] GET /
[2025-12-03T19:32:24.516Z] GET /
[2025-12-03T19:32:24.517Z] GET /
[2025-12-03T19:32:24.516Z] GET /
[2025-12-03T19:32:24.518Z] GET /
[2025-12-03T19:32:24.521Z] GET /
[2025-12-03T19:32:24.524Z] GET /
[2025-12-03T19:32:24.525Z] GET /
[2025-12-03T19:32:24.527Z] GET /
[2025-12-03T19:32:24.528Z] GET /
[2025-12-03T19:32:24.529Z] GET /
[2025-12-03T19:32:24.530Z] GET /
[2025-12-03T19:32:24.531Z] GET /
[2025-12-03T19:32:24.532Z] GET /
[2025-12-03T19:32:24.532Z] GET /
[2025-12-03T19:32:24.533Z] GET /
[2025-12-03T19:32:24.534Z] GET /
[2025-12-03T19:32:24.536Z] GET /
[2025-12-03T19:32:24.539Z] GET /
[2025-12-03T19:32:24.542Z] GET /
[2025-12-03T19:32:24.544Z] GET /
[2025-12-03T19:32:24.545Z] GET /
[2025-12-03T19:32:24.546Z] GET /
[2025-12-03T19:32:24.547Z] GET /
[2025-12-03T19:32:24.549Z] GET /
[2025-12-03T19:32:24.543Z] GET /
[2025-12-03T19:32:24.548Z] GET /
[2025-12-03T19:32:24.549Z] GET /
[2025-12-03T19:32:24.550Z] GET /
[2025-12-03T19:32:24.551Z] GET /
[2025-12-03T19:32:24.552Z] GET /
[2025-12-03T19:32:24.555Z] GET /
[2025-12-03T19:32:24.556Z] GET /
[2025-12-03T19:32:24.557Z] GET /
[2025-12-03T19:32:24.558Z] GET /
[2025-12-03T19:32:24.559Z] GET /
[2025-12-03T19:32:24.560Z] GET /
[2025-12-03T19:32:24.560Z] GET /
[2025-12-03T19:32:24.561Z] GET /
[2025-12-03T19:32:24.563Z] GET /
[2025-12-03T19:32:24.564Z] GET /
[2025-12-03T19:32:24.564Z] GET /
[2025-12-03T19:32:24.565Z] GET /
[2025-12-03T19:32:24.566Z] GET /
[2025-12-03T19:32:24.566Z] GET /
[2025-12-03T19:32:24.567Z] GET /
[2025-12-03T19:32:24.568Z] GET /
[2025-12-03T19:32:24.571Z] GET /
[2025-12-03T19:32:24.570Z] GET /
[2025-12-03T19:32:24.572Z] GET /
[2025-12-03T19:32:24.574Z] GET /
[2025-12-03T19:32:24.575Z] GET /
[2025-12-03T19:32:24.573Z] GET /
[2025-12-03T19:32:24.578Z] GET /
[2025-12-03T19:32:24.576Z] GET /
[2025-12-03T19:32:24.579Z] GET /
[2025-12-03T19:32:24.577Z] GET /
[2025-12-03T19:32:24.580Z] GET /
[2025-12-03T19:32:24.583Z] GET /
[2025-12-03T19:32:24.583Z] GET /
[2025-12-03T19:32:24.581Z] GET /
[2025-12-03T19:32:24.584Z] GET /
[2025-12-03T19:32:24.589Z] GET /
[2025-12-03T19:32:24.582Z] GET /
[2025-12-03T19:32:24.590Z] GET /
[2025-12-03T19:32:24.585Z] GET /
[2025-12-03T19:32:24.591Z] GET /
[2025-12-03T19:32:24.594Z] GET /
[2025-12-03T19:32:24.593Z] GET /
[2025-12-03T19:32:24.595Z] GET /
[2025-12-03T19:32:24.594Z] GET /
[2025-12-03T19:32:24.596Z] GET /
[2025-12-03T19:32:24.597Z] GET /
[2025-12-03T19:32:24.598Z] GET /
[2025-12-03T19:32:24.599Z] GET /
[2025-12-03T19:32:24.592Z] GET /
[2025-12-03T19:32:24.600Z] GET /
[2025-12-03T19:32:24.601Z] GET /
[2025-12-03T19:32:24.601Z] GET /
[2025-12-03T19:32:24.599Z] GET /
[2025-12-03T19:32:24.608Z] GET /
[2025-12-03T19:32:24.609Z] GET /
[2025-12-03T19:32:24.606Z] GET /
[2025-12-03T19:32:24.610Z] GET /
[2025-12-03T19:32:24.607Z] GET /
[2025-12-03T19:32:24.611Z] GET /
[2025-12-03T19:32:24.612Z] GET /
[2025-12-03T19:32:24.614Z] GET /
[2025-12-03T19:32:24.614Z] GET /
[2025-12-03T19:32:24.613Z] GET /
[2025-12-03T19:32:24.615Z] GET /
[2025-12-03T19:32:24.617Z] GET /
[2025-12-03T19:32:24.618Z] GET /
[2025-12-03T19:32:24.616Z] GET /
[2025-12-03T19:32:24.623Z] GET /
[2025-12-03T19:32:24.618Z] GET /
[2025-12-03T19:32:24.625Z] GET /
[2025-12-03T19:32:24.621Z] GET /
[2025-12-03T19:32:24.624Z] GET /
[2025-12-03T19:32:24.627Z] GET /
[2025-12-03T19:32:24.628Z] GET /
[2025-12-03T19:32:24.628Z] GET /
[2025-12-03T19:32:24.631Z] GET /
[2025-12-03T19:32:24.630Z] GET /
[2025-12-03T19:32:24.626Z] GET /
[2025-12-03T19:32:24.632Z] GET /
[2025-12-03T19:32:24.633Z] GET /
[2025-12-03T19:32:24.635Z] GET /
[2025-12-03T19:32:24.634Z] GET /
[2025-12-03T19:32:24.632Z] GET /
[2025-12-03T19:32:24.637Z] GET /
[2025-12-03T19:32:24.638Z] GET /
[2025-12-03T19:32:24.639Z] GET /
[2025-12-03T19:32:24.642Z] GET /
[2025-12-03T19:32:24.643Z] GET /
[2025-12-03T19:32:24.644Z] GET /
[2025-12-03T19:32:24.640Z] GET /
[2025-12-03T19:32:24.642Z] GET /
[2025-12-03T19:32:24.646Z] GET /
[2025-12-03T19:32:24.645Z] GET /
[2025-12-03T19:32:24.650Z] GET /
[2025-12-03T19:32:24.647Z] GET /
[2025-12-03T19:32:24.651Z] GET /
[2025-12-03T19:32:24.648Z] GET /
[2025-12-03T19:32:24.652Z] GET /
[2025-12-03T19:32:24.649Z] GET /
[2025-12-03T19:32:24.653Z] GET /
[2025-12-03T19:32:24.654Z] GET /
[2025-12-03T19:32:24.656Z] GET /
[2025-12-03T19:32:24.658Z] GET /
[2025-12-03T19:32:24.660Z] GET /
[2025-12-03T19:32:24.657Z] GET /
[2025-12-03T19:32:24.659Z] GET /
[2025-12-03T19:32:24.662Z] GET /
[2025-12-03T19:32:24.661Z] GET /
[2025-12-03T19:32:24.664Z] GET /
[2025-12-03T19:32:24.666Z] GET /
[2025-12-03T19:32:24.667Z] GET /
[2025-12-03T19:32:24.665Z] GET /
[2025-12-03T19:32:24.669Z] GET /
[2025-12-03T19:32:24.663Z] GET /
[2025-12-03T19:32:24.671Z] GET /
[2025-12-03T19:32:24.677Z] GET /
[2025-12-03T19:32:24.668Z] GET /
[2025-12-03T19:32:24.682Z] GET /
[2025-12-03T19:32:24.678Z] GET /
[2025-12-03T19:32:24.684Z] GET /
[2025-12-03T19:32:24.685Z] GET /
[2025-12-03T19:32:24.680Z] GET /
[2025-12-03T19:32:24.690Z] GET /
[2025-12-03T19:32:24.693Z] GET /
[2025-12-03T19:32:24.691Z] GET /
[2025-12-03T19:32:24.694Z] GET /
[2025-12-03T19:32:24.696Z] GET /
[2025-12-03T19:32:24.697Z] GET /
[2025-12-03T19:32:24.692Z] GET /
[2025-12-03T19:32:24.699Z] GET /
[2025-12-03T19:32:24.700Z] GET /
[2025-12-03T19:32:24.705Z] GET /
[2025-12-03T19:32:24.698Z] GET /
[2025-12-03T19:32:24.710Z] GET /
[2025-12-03T19:32:24.708Z] GET /
[2025-12-03T19:32:24.714Z] GET /
[2025-12-03T19:32:24.712Z] GET /
[2025-12-03T19:32:24.716Z] GET /
[2025-12-03T19:32:24.713Z] GET /
[2025-12-03T19:32:24.716Z] GET /
[2025-12-03T19:32:24.715Z] GET /
[2025-12-03T19:32:24.720Z] GET /
[2025-12-03T19:32:24.717Z] GET /
[2025-12-03T19:32:24.723Z] GET /
[2025-12-03T19:32:24.726Z] GET /
[2025-12-03T19:32:24.725Z] GET /
[2025-12-03T19:32:24.728Z] GET /
[2025-12-03T19:32:24.730Z] GET /
[2025-12-03T19:32:24.732Z] GET /
[2025-12-03T19:32:24.727Z] GET /
[2025-12-03T19:32:24.733Z] GET /
[2025-12-03T19:32:24.734Z] GET /
[2025-12-03T19:32:24.731Z] GET /
[2025-12-03T19:32:24.736Z] GET /
[2025-12-03T19:32:24.743Z] GET /
[2025-12-03T19:32:24.744Z] GET /
[2025-12-03T19:32:24.735Z] GET /
[2025-12-03T19:32:24.745Z] GET /
[2025-12-03T19:32:24.747Z] GET /
[2025-12-03T19:32:24.740Z] GET /
[2025-12-03T19:32:24.750Z] GET /
[2025-12-03T19:32:24.748Z] GET /
[2025-12-03T19:32:24.751Z] GET /
[2025-12-03T19:32:24.752Z] GET /
[2025-12-03T19:32:24.754Z] GET /
[2025-12-03T19:32:24.757Z] GET /
[2025-12-03T19:32:24.758Z] GET /
[2025-12-03T19:32:24.759Z] GET /
[2025-12-03T19:32:24.760Z] GET /
[2025-12-03T19:32:24.755Z] GET /
[2025-12-03T19:32:24.762Z] GET /
[2025-12-03T19:32:24.764Z] GET /
[2025-12-03T19:32:24.765Z] GET /
[2025-12-03T19:32:24.766Z] GET /
[2025-12-03T19:32:24.767Z] GET /
[2025-12-03T19:32:24.772Z] GET /
[2025-12-03T19:32:24.768Z] GET /
[2025-12-03T19:32:24.775Z] GET /
[2025-12-03T19:32:24.776Z] GET /
[2025-12-03T19:32:24.777Z] GET /
[2025-12-03T19:32:24.779Z] GET /
[2025-12-03T19:32:24.778Z] GET /
[2025-12-03T19:32:24.779Z] GET /
[2025-12-03T19:32:24.780Z] GET /
[2025-12-03T19:32:24.782Z] GET /
[2025-12-03T19:32:24.781Z] GET /
[2025-12-03T19:32:24.784Z] GET /
[2025-12-03T19:32:24.786Z] GET /
[2025-12-03T19:32:24.749Z] GET /
[2025-12-03T19:32:24.790Z] GET /
[2025-12-03T19:32:24.793Z] GET /
[2025-12-03T19:32:24.794Z] GET /
[2025-12-03T19:32:24.783Z] GET /
[2025-12-03T19:32:24.796Z] GET /
[2025-12-03T19:32:24.797Z] GET /
[2025-12-03T19:32:24.798Z] GET /
[2025-12-03T19:32:24.799Z] GET /
[2025-12-03T19:32:24.800Z] GET /
[2025-12-03T19:32:24.792Z] GET /
[2025-12-03T19:32:24.795Z] GET /
[2025-12-03T19:33:06.850Z] GET /users
[2025-12-03T19:33:06.851Z] GET /users
[2025-12-03T19:33:06.853Z] GET /users
[2025-12-03T19:33:06.852Z] GET /users
[2025-12-03T19:33:06.853Z] GET /users
[2025-12-03T19:33:06.852Z] GET /users
[2025-12-03T19:33:06.854Z] GET /users
[2025-12-03T19:33:06.854Z] GET /users
[2025-12-03T19:33:06.855Z] GET /users
[2025-12-03T19:33:06.855Z] GET /users
[2025-12-03T19:33:06.855Z] GET /users
[2025-12-03T19:33:06.856Z] GET /users
[2025-12-03T19:33:06.856Z] GET /users
[2025-12-03T19:33:06.857Z] GET /users
[2025-12-03T19:33:06.857Z] GET /users
[2025-12-03T19:33:06.858Z] GET /users
[2025-12-03T19:33:06.859Z] GET /users
[2025-12-03T19:33:06.859Z] GET /users
[2025-12-03T19:33:06.860Z] GET /users
[2025-12-03T19:33:06.860Z] GET /users
[2025-12-03T19:33:06.861Z] GET /users
[2025-12-03T19:33:06.861Z] GET /users
[2025-12-03T19:33:06.862Z] GET /users
[2025-12-03T19:33:06.862Z] GET /users
[2025-12-03T19:33:06.863Z] GET /users
[2025-12-03T19:33:06.864Z] GET /users
[2025-12-03T19:33:06.863Z] GET /users
[2025-12-03T19:33:06.864Z] GET /users
[2025-12-03T19:33:06.866Z] GET /users
[2025-12-03T19:33:06.867Z] GET /users
[2025-12-03T19:33:06.868Z] GET /users
[2025-12-03T19:33:06.869Z] GET /users
[2025-12-03T19:33:06.870Z] GET /users
[2025-12-03T19:33:06.871Z] GET /users
[2025-12-03T19:33:06.872Z] GET /users
[2025-12-03T19:33:06.865Z] GET /users
[2025-12-03T19:33:06.865Z] GET /users
[2025-12-03T19:33:06.873Z] GET /users
[2025-12-03T19:33:06.871Z] GET /users
[2025-12-03T19:33:06.874Z] GET /users
[2025-12-03T19:33:06.875Z] GET /users
[2025-12-03T19:33:06.875Z] GET /users
[2025-12-03T19:33:06.876Z] GET /users
[2025-12-03T19:33:06.873Z] GET /users
[2025-12-03T19:33:06.877Z] GET /users
[2025-12-03T19:33:06.877Z] GET /users
[2025-12-03T19:33:06.878Z] GET /users
[2025-12-03T19:33:06.879Z] GET /users
[2025-12-03T19:33:06.874Z] GET /users
[2025-12-03T19:33:06.880Z] GET /users
[2025-12-03T19:33:06.880Z] GET /users
[2025-12-03T19:33:06.881Z] GET /users
[2025-12-03T19:33:06.882Z] GET /users
[2025-12-03T19:33:06.883Z] GET /users
[2025-12-03T19:33:06.884Z] GET /users
[2025-12-03T19:33:06.882Z] GET /users
[2025-12-03T19:33:06.887Z] GET /users
[2025-12-03T19:33:06.890Z] GET /users
[2025-12-03T19:33:06.889Z] GET /users
[2025-12-03T19:33:06.892Z] GET /users
[2025-12-03T19:33:06.891Z] GET /users
[2025-12-03T19:33:06.893Z] GET /users
[2025-12-03T19:33:06.893Z] GET /users
[2025-12-03T19:33:06.894Z] GET /users
[2025-12-03T19:33:06.894Z] GET /users
[2025-12-03T19:33:06.891Z] GET /users
[2025-12-03T19:33:06.896Z] GET /users
[2025-12-03T19:33:06.895Z] GET /users
[2025-12-03T19:33:06.897Z] GET /users
[2025-12-03T19:33:06.898Z] GET /users
[2025-12-03T19:33:06.898Z] GET /users
[2025-12-03T19:33:06.900Z] GET /users
[2025-12-03T19:33:06.901Z] GET /users
[2025-12-03T19:33:06.884Z] GET /users
[2025-12-03T19:33:06.902Z] GET /users
[2025-12-03T19:33:06.903Z] GET /users
[2025-12-03T19:33:06.906Z] GET /users
[2025-12-03T19:33:06.907Z] GET /users
[2025-12-03T19:33:06.907Z] GET /users
[2025-12-03T19:33:06.908Z] GET /users
[2025-12-03T19:33:06.908Z] GET /users
[2025-12-03T19:33:06.905Z] GET /users
[2025-12-03T19:33:06.909Z] GET /users
[2025-12-03T19:33:06.910Z] GET /users
[2025-12-03T19:33:06.911Z] GET /users
[2025-12-03T19:33:06.912Z] GET /users
[2025-12-03T19:33:06.899Z] GET /users
[2025-12-03T19:33:06.915Z] GET /users
[2025-12-03T19:33:06.913Z] GET /users
[2025-12-03T19:33:06.916Z] GET /users
[2025-12-03T19:33:06.914Z] GET /users
[2025-12-03T19:33:06.922Z] GET /users
[2025-12-03T19:33:06.924Z] GET /users
[2025-12-03T19:33:06.917Z] GET /users
[2025-12-03T19:33:06.925Z] GET /users
[2025-12-03T19:33:06.926Z] GET /users
[2025-12-03T19:33:06.923Z] GET /users
[2025-12-03T19:33:06.928Z] GET /users
[2025-12-03T19:33:06.927Z] GET /users
[2025-12-03T19:33:06.930Z] GET /users
[2025-12-03T19:33:06.929Z] GET /users
[2025-12-03T19:33:06.933Z] GET /users
[2025-12-03T19:33:06.932Z] GET /users
[2025-12-03T19:33:06.934Z] GET /users
[2025-12-03T19:33:06.938Z] GET /users
[2025-12-03T19:33:06.928Z] GET /users
[2025-12-03T19:33:06.942Z] GET /users
[2025-12-03T19:33:06.940Z] GET /users
[2025-12-03T19:33:06.943Z] GET /users
[2025-12-03T19:33:06.939Z] GET /users
[2025-12-03T19:33:06.944Z] GET /users
[2025-12-03T19:33:06.948Z] GET /users
[2025-12-03T19:33:06.945Z] GET /users
[2025-12-03T19:33:06.949Z] GET /users
[2025-12-03T19:33:06.950Z] GET /users
[2025-12-03T19:33:06.952Z] GET /users
[2025-12-03T19:33:06.946Z] GET /users
[2025-12-03T19:33:06.954Z] GET /users
[2025-12-03T19:33:06.960Z] GET /users
[2025-12-03T19:33:06.956Z] GET /users
[2025-12-03T19:33:06.959Z] GET /users
[2025-12-03T19:33:06.964Z] GET /users
[2025-12-03T19:33:06.962Z] GET /users
[2025-12-03T19:33:06.966Z] GET /users
[2025-12-03T19:33:06.969Z] GET /users
[2025-12-03T19:33:06.974Z] GET /users
[2025-12-03T19:33:06.976Z] GET /users
[2025-12-03T19:33:06.972Z] GET /users
[2025-12-03T19:33:06.978Z] GET /users
[2025-12-03T19:33:06.980Z] GET /users
[2025-12-03T19:33:06.981Z] GET /users
[2025-12-03T19:33:06.982Z] GET /users
[2025-12-03T19:33:06.984Z] GET /users
[2025-12-03T19:33:06.988Z] GET /users
[2025-12-03T19:33:06.983Z] GET /users
[2025-12-03T19:33:06.992Z] GET /users
[2025-12-03T19:33:06.990Z] GET /users
[2025-12-03T19:33:06.994Z] GET /users
[2025-12-03T19:33:06.991Z] GET /users
[2025-12-03T19:33:06.995Z] GET /users
[2025-12-03T19:33:06.996Z] GET /users
[2025-12-03T19:33:06.999Z] GET /users
[2025-12-03T19:33:07.001Z] GET /users
[2025-12-03T19:33:06.997Z] GET /users
[2025-12-03T19:33:07.003Z] GET /users
[2025-12-03T19:33:07.007Z] GET /users
[2025-12-03T19:33:07.005Z] GET /users
[2025-12-03T19:33:07.010Z] GET /users
[2025-12-03T19:33:07.012Z] GET /users
[2025-12-03T19:33:07.008Z] GET /users
[2025-12-03T19:33:07.015Z] GET /users
[2025-12-03T19:33:07.017Z] GET /users
[2025-12-03T19:33:07.019Z] GET /users
[2025-12-03T19:33:07.014Z] GET /users
[2025-12-03T19:33:07.024Z] GET /users
[2025-12-03T19:33:07.018Z] GET /users
[2025-12-03T19:33:07.022Z] GET /users
[2025-12-03T19:33:07.026Z] GET /users
[2025-12-03T19:33:07.031Z] GET /users
[2025-12-03T19:33:07.027Z] GET /users
[2025-12-03T19:33:07.029Z] GET /users
[2025-12-03T19:33:07.032Z] GET /users
[2025-12-03T19:33:07.034Z] GET /users
[2025-12-03T19:33:07.033Z] GET /users
[2025-12-03T19:33:07.037Z] GET /users
[2025-12-03T19:33:07.038Z] GET /users
[2025-12-03T19:33:07.036Z] GET /users
[2025-12-03T19:33:07.041Z] GET /users
[2025-12-03T19:33:07.043Z] GET /users
[2025-12-03T19:33:07.045Z] GET /users
[2025-12-03T19:33:07.047Z] GET /users
[2025-12-03T19:33:07.040Z] GET /users
[2025-12-03T19:33:07.050Z] GET /users
[2025-12-03T19:33:07.048Z] GET /users
[2025-12-03T19:33:07.046Z] GET /users
[2025-12-03T19:33:07.053Z] GET /users
[2025-12-03T19:33:07.056Z] GET /users
[2025-12-03T19:33:07.055Z] GET /users
[2025-12-03T19:33:07.061Z] GET /users
[2025-12-03T19:33:07.062Z] GET /users
[2025-12-03T19:33:07.060Z] GET /users
[2025-12-03T19:33:07.066Z] GET /users
[2025-12-03T19:33:07.064Z] GET /users
[2025-12-03T19:33:07.069Z] GET /users
[2025-12-03T19:33:07.071Z] GET /users
[2025-12-03T19:33:07.065Z] GET /users
[2025-12-03T19:33:07.068Z] GET /users
[2025-12-03T19:33:07.075Z] GET /users
[2025-12-03T19:33:07.072Z] GET /users
[2025-12-03T19:33:07.073Z] GET /users
[2025-12-03T19:33:07.077Z] GET /users
[2025-12-03T19:33:07.078Z] GET /users
[2025-12-03T19:33:07.076Z] GET /users
[2025-12-03T19:33:07.079Z] GET /users
[2025-12-03T19:33:07.082Z] GET /users
[2025-12-03T19:33:07.083Z] GET /users
[2025-12-03T19:33:07.081Z] GET /users
[2025-12-03T19:33:07.084Z] GET /users
[2025-12-03T19:33:07.084Z] GET /users
[2025-12-03T19:33:07.087Z] GET /users
[2025-12-03T19:33:07.088Z] GET /users
[2025-12-03T19:33:07.086Z] GET /users
[2025-12-03T19:33:07.090Z] GET /users
[2025-12-03T19:33:07.091Z] GET /users
[2025-12-03T19:33:07.094Z] GET /users
[2025-12-03T19:33:07.093Z] GET /users
[2025-12-03T19:33:07.096Z] GET /users
[2025-12-03T19:33:07.097Z] GET /users
[2025-12-03T19:33:07.100Z] GET /users
[2025-12-03T19:33:07.098Z] GET /users
[2025-12-03T19:33:07.100Z] GET /users
[2025-12-03T19:33:07.103Z] GET /users
[2025-12-03T19:33:07.124Z] GET /users
[2025-12-03T19:33:07.099Z] GET /users
[2025-12-03T19:33:07.129Z] GET /users
[2025-12-03T19:33:07.128Z] GET /users
[2025-12-03T19:33:07.133Z] GET /users
[2025-12-03T19:33:07.131Z] GET /users
[2025-12-03T19:33:07.138Z] GET /users
[2025-12-03T19:33:07.134Z] GET /users
[2025-12-03T19:33:07.140Z] GET /users
[2025-12-03T19:33:07.130Z] GET /users
[2025-12-03T19:33:07.142Z] GET /users
[2025-12-03T19:33:07.143Z] GET /users
[2025-12-03T19:33:07.145Z] GET /users
[2025-12-03T19:33:07.141Z] GET /users
[2025-12-03T19:33:07.147Z] GET /users
[2025-12-03T19:33:07.144Z] GET /users
[2025-12-03T19:33:07.149Z] GET /users
[2025-12-03T19:33:07.148Z] GET /users
[2025-12-03T19:33:07.151Z] GET /users
[2025-12-03T19:33:07.152Z] GET /users
[2025-12-03T19:33:07.149Z] GET /users
[2025-12-03T19:33:07.157Z] GET /users
[2025-12-03T19:33:07.160Z] GET /users
[2025-12-03T19:33:07.159Z] GET /users
[2025-12-03T19:33:07.163Z] GET /users
[2025-12-03T19:33:07.155Z] GET /users
[2025-12-03T19:33:07.164Z] GET /users
[2025-12-03T19:33:07.161Z] GET /users
[2025-12-03T19:33:07.165Z] GET /users
[2025-12-03T19:33:07.167Z] GET /users
[2025-12-03T19:33:07.165Z] GET /users
[2025-12-03T19:33:07.166Z] GET /users
[2025-12-03T19:33:07.173Z] GET /users
[2025-12-03T19:33:07.175Z] GET /users
[2025-12-03T19:33:07.174Z] GET /users
[2025-12-03T19:33:07.177Z] GET /users
[2025-12-03T19:33:07.178Z] GET /users
[2025-12-03T19:33:07.180Z] GET /users
[2025-12-03T19:33:07.181Z] GET /users
[2025-12-03T19:33:07.179Z] GET /users
[2025-12-03T19:33:07.183Z] GET /users
[2025-12-03T19:33:07.183Z] GET /users
[2025-12-03T19:33:07.184Z] GET /users
[2025-12-03T19:33:07.189Z] GET /users
[2025-12-03T19:33:07.194Z] GET /users
[2025-12-03T19:33:07.191Z] GET /users
[2025-12-03T19:33:07.196Z] GET /users
[2025-12-03T19:33:07.195Z] GET /users
[2025-12-03T19:33:07.197Z] GET /users
[2025-12-03T19:33:07.198Z] GET /users
[2025-12-03T19:33:07.192Z] GET /users
[2025-12-03T19:33:07.200Z] GET /users
[2025-12-03T19:33:07.199Z] GET /users
[2025-12-03T19:33:07.204Z] GET /users
[2025-12-03T19:33:07.207Z] GET /users
[2025-12-03T19:33:07.201Z] GET /users
[2025-12-03T19:33:07.211Z] GET /users
[2025-12-03T19:33:07.210Z] GET /users
[2025-12-03T19:33:07.209Z] GET /users
[2025-12-03T19:33:07.214Z] GET /users
[2025-12-03T19:33:07.215Z] GET /users
[2025-12-03T19:33:07.212Z] GET /users
[2025-12-03T19:33:07.214Z] GET /users
[2025-12-03T19:38:41.808Z] GET /users
[2025-12-03T19:38:51.217Z] GET /
[2025-12-03T19:38:55.409Z] GET /
